Flutter crash report; please file at https://github.com/flutter/flutter/issues.

## command

flutter run

## exception

UnsupportedError: Unsupported operation: Control of iOS devices or simulators only supported on Mac OS.

```
#0      IOSDevice.getAttachedDevices (package:flutter_tools/src/ios/devices.dart:176:7)
#1      IOSDevices.pollingGetDevices (package:flutter_tools/src/ios/devices.dart:115:57)
#2      PollingDeviceDiscovery.devices (package:flutter_tools/src/device.dart:285:52)
#3      DeviceManager.getAllConnectedDevices (package:flutter_tools/src/device.dart:140:46)
<asynchronous suspension>
#4      DeviceManager.getDevices (package:flutter_tools/src/device.dart:130:11)
#5      DeviceManager.findTargetDevices (package:flutter_tools/src/device.dart:173:34)
#6      FlutterCommand.findAllTargetDevices (package:flutter_tools/src/runner/flutter_command.dart:640:48)
#7      RunCommand.validateCommand (package:flutter_tools/src/commands/run.dart:287:21)
<asynchronous suspension>
#8      FlutterCommand.verifyThenRunCommand (package:flutter_tools/src/runner/flutter_command.dart:590:11)
#9      FlutterCommand.run.<anonymous closure> (package:flutter_tools/src/runner/flutter_command.dart:515:33)
<asynchronous suspension>
#10     AppContext.run.<anonymous closure> (package:flutter_tools/src/base/context.dart:146:29)
#11     _rootRun (dart:async/zone.dart:1126:13)
#12     _CustomZone.run (dart:async/zone.dart:1023:19)
#13     _runZoned (dart:async/zone.dart:1518:10)
#14     runZoned (dart:async/zone.dart:1465:12)
#15     AppContext.run (package:flutter_tools/src/base/context.dart:145:18)
#16     FlutterCommand.run (package:flutter_tools/src/runner/flutter_command.dart:505:20)
#17     CommandRunner.runCommand (package:args/command_runner.dart:197:27)
#18     FlutterCommandRunner.runCommand.<anonymous closure> (package:flutter_tools/src/runner/flutter_command_runner.dart:413:21)
<asynchronous suspension>
#19     AppContext.run.<anonymous closure> (package:flutter_tools/src/base/context.dart:146:29)
#20     _rootRun (dart:async/zone.dart:1126:13)
#21     _CustomZone.run (dart:async/zone.dart:1023:19)
#22     _runZoned (dart:async/zone.dart:1518:10)
#23     runZoned (dart:async/zone.dart:1465:12)
#24     AppContext.run (package:flutter_tools/src/base/context.dart:145:18)
#25     FlutterCommandRunner.runCommand (package:flutter_tools/src/runner/flutter_command_runner.dart:364:19)
#26     CommandRunner.run.<anonymous closure> (package:args/command_runner.dart:112:25)
#27     new Future.sync (dart:async/future.dart:224:31)
#28     CommandRunner.run (package:args/command_runner.dart:112:14)
#29     FlutterCommandRunner.run (package:flutter_tools/src/runner/flutter_command_runner.dart:250:18)
#30     run.<anonymous closure>.<anonymous closure> (package:flutter_tools/runner.dart:63:22)
#31     _rootRun (dart:async/zone.dart:1126:13)
#32     _CustomZone.run (dart:async/zone.dart:1023:19)
#33     _runZoned (dart:async/zone.dart:1518:10)
#34     runZoned (dart:async/zone.dart:1502:12)
#35     run.<anonymous closure> (package:flutter_tools/runner.dart:61:18)
<asynchronous suspension>
#36     AppContext.run.<anonymous closure> (package:flutter_tools/src/base/context.dart:146:29)
#37     _rootRun (dart:async/zone.dart:1126:13)
#38     _CustomZone.run (dart:async/zone.dart:1023:19)
#39     _runZoned (dart:async/zone.dart:1518:10)
#40     runZoned (dart:async/zone.dart:1465:12)
#41     AppContext.run (package:flutter_tools/src/base/context.dart:145:18)
#42     runInContext (package:flutter_tools/src/context_runner.dart:64:24)
#43     run (package:flutter_tools/runner.dart:50:10)
#44     main (package:flutter_tools/executable.dart:65:9)
#45     main (file:///C:/flutter/packages/flutter_tools/bin/flutter_tools.dart:8:3)
#46     _startIsolate.<anonymous closure> (dart:isolate-patch/isolate_patch.dart:305:32)
#47     _RawReceivePortImpl._handleMessage (dart:isolate-patch/isolate_patch.dart:174:12)
```

## flutter doctor

```
[!] Flutter (Channel beta, v1.12.13+hotfix.6, on Microsoft Windows [Version 10.0.17134.829], locale en-IN)
    • Flutter version 1.12.13+hotfix.6 at C:\flutter
    • Framework revision 18cd7a3601 (7 weeks ago), 2019-12-11 06:35:39 -0800
    • Engine revision 2994f7e1e6
    • Dart version 2.7.0
    ✗ Downloaded executables cannot execute on host.
      See https://github.com/flutter/flutter/issues/6207 for more information


[✓] Android toolchain - develop for Android devices (Android SDK version 29.0.2)
    • Android SDK at C:\Users\maheshsharma\AppData\Local\Android\sdk
    • Android NDK location not configured (optional; useful for native profiling support)
    • Platform android-29, build-tools 29.0.2
    • Java binary at: C:\Program Files\Android\Android Studio\jre\bin\java
    • Java version OpenJDK Runtime Environment (build 1.8.0_202-release-1483-b03)
    • All Android licenses accepted.

[✓] Android Studio (version 3.5)
    • Android Studio at C:\Program Files\Android\Android Studio
    • Flutter plugin version 42.1.1
    • Dart plugin version 191.8593
    • Java version OpenJDK Runtime Environment (build 1.8.0_202-release-1483-b03)

[!] VS Code (version 1.36.1)
    • VS Code at C:\Users\maheshsharma\AppData\Local\Programs\Microsoft VS Code
    ✗ Flutter extension not installed; install from
      https://marketplace.visualstudio.com/items?itemName=Dart-Code.flutter

[☠] Connected device (the doctor check crashed)
    ✗ Due to an error, the doctor check did not complete. If the error message below is not helpful, please let us know about this issue at https://github.com/flutter/flutter/issues.
    ✗ Unsupported operation: Control of iOS devices or simulators only supported on Mac OS.
    • #0      IOSDevice.getAttachedDevices (package:flutter_tools/src/ios/devices.dart:176:7)
      #1      IOSDevices.pollingGetDevices (package:flutter_tools/src/ios/devices.dart:115:57)
      #2      PollingDeviceDiscovery.devices (package:flutter_tools/src/device.dart:285:52)
      #3      DeviceManager.getAllConnectedDevices (package:flutter_tools/src/device.dart:140:46)
      <asynchronous suspension>
      #4      DeviceValidator.validate (package:flutter_tools/src/doctor.dart:851:54)
      #5      asyncGuard.<anonymous closure> (package:flutter_tools/src/base/async_guard.dart:111:32)
      #6      _rootRun (dart:async/zone.dart:1126:13)
      #7      _CustomZone.run (dart:async/zone.dart:1023:19)
      #8      _runZoned (dart:async/zone.dart:1518:10)
      #9      runZoned (dart:async/zone.dart:1502:12)
      #10     asyncGuard (package:flutter_tools/src/base/async_guard.dart:109:3)
      #11     Doctor.startValidatorTasks (package:flutter_tools/src/doctor.dart:158:9)
      #12     Doctor.diagnose (package:flutter_tools/src/doctor.dart:252:41)
      #13     _AsyncAwaitCompleter.start (dart:async-patch/async_patch.dart:45:6)
      #14     Doctor.diagnose (package:flutter_tools/src/doctor.dart:241:24)
      #15     _doctorText.<anonymous closure> (package:flutter_tools/runner.dart:205:26)
      #16     AppContext.run.<anonymous closure> (package:flutter_tools/src/base/context.dart:146:29)
      #17     _AsyncAwaitCompleter.start (dart:async-patch/async_patch.dart:45:6)
      #18     AppContext.run.<anonymous closure> (package:flutter_tools/src/base/context.dart:146:7)
      #19     _rootRun (dart:async/zone.dart:1126:13)
      #20     _CustomZone.run (dart:async/zone.dart:1023:19)
      #21     _runZoned (dart:async/zone.dart:1518:10)
      #22     runZoned (dart:async/zone.dart:1465:12)
      #23     AppContext.run (package:flutter_tools/src/base/context.dart:145:18)
      #24     _AsyncAwaitCompleter.start (dart:async-patch/async_patch.dart:45:6)
      #25     AppContext.run (package:flutter_tools/src/base/context.dart:132:19)
      #26     _doctorText (package:flutter_tools/runner.dart:204:19)
      #27     _AsyncAwaitCompleter.start (dart:async-patch/async_patch.dart:45:6)
      #28     _doctorText (package:flutter_tools/runner.dart:200:27)
      #29     _createLocalCrashReport (package:flutter_tools/runner.dart:182:32)
      #30     _AsyncAwaitCompleter.start (dart:async-patch/async_patch.dart:45:6)
      #31     _createLocalCrashReport (package:flutter_tools/runner.dart:167:37)
      #32     _handleToolError (package:flutter_tools/runner.dart:138:31)
      #33     _asyncThenWrapperHelper.<anonymous closure> (dart:async-patch/async_patch.dart:73:64)
      #34     _rootRunUnary (dart:async/zone.dart:1134:38)
      #35     _CustomZone.runUnary (dart:async/zone.dart:1031:19)
      #36     _FutureListener.handleValue (dart:async/future_impl.dart:139:18)
      #37     Future._propagateToListeners.handleValueCallback (dart:async/future_impl.dart:680:45)
      #38     Future._propagateToListeners (dart:async/future_impl.dart:709:32)
      #39     Future._completeWithValue (dart:async/future_impl.dart:524:5)
      #40     _AsyncAwaitCompleter.complete (dart:async-patch/async_patch.dart:32:15)
      #41     _completeOnAsyncReturn (dart:async-patch/async_patch.dart:290:13)
      #42     CrashReportSender.sendReport (package:flutter_tools/src/reporting/crash_reporting.dart)
      #43     _asyncThenWrapperHelper.<anonymous closure> (dart:async-patch/async_patch.dart:73:64)
      #44     _rootRunUnary (dart:async/zone.dart:1134:38)
      #45     _CustomZone.runUnary (dart:async/zone.dart:1031:19)
      #46     _FutureListener.handleValue (dart:async/future_impl.dart:139:18)
      #47     Future._propagateToListeners.handleValueCallback (dart:async/future_impl.dart:680:45)
      #48     Future._propagateToListeners (dart:async/future_impl.dart:709:32)
      #49     Future._complete (dart:async/future_impl.dart:514:7)
      #50     Stream.fold.<anonymous closure> (dart:async/stream.dart:805:18)
      #51     _rootRun (dart:async/zone.dart:1122:38)
      #52     _CustomZone.run (dart:async/zone.dart:1023:19)
      #53     _CustomZone.runGuarded (dart:async/zone.dart:925:7)
      #54     _BufferingStreamSubscription._sendDone.sendDone (dart:async/stream_impl.dart:391:13)
      #55     _BufferingStreamSubscription._sendDone (dart:async/stream_impl.dart:401:15)
      #56     _BufferingStreamSubscription._close (dart:async/stream_impl.dart:285:7)
      #57     _SinkTransformerStreamSubscription._close (dart:async/stream_transformers.dart:98:11)
      #58     _EventSinkWrapper.close (dart:async/stream_transformers.dart:25:11)
      #59     _StringAdapterSink.close (dart:convert/string_conversion.dart:251:11)
      #60     _Utf8ConversionSink.close (dart:convert/string_conversion.dart:302:20)
      #61     _ConverterStreamEventSink.close (dart:convert/chunked_conversion.dart:82:18)
      #62     _SinkTransformerStreamSubscription._handleDone (dart:async/stream_transformers.dart:143:24)
      #63     _rootRun (dart:async/zone.dart:1122:38)
      #64     _CustomZone.run (dart:async/zone.dart:1023:19)
      #65     _CustomZone.runGuarded (dart:async/zone.dart:925:7)
      #66     _BufferingStreamSubscription._sendDone.sendDone (dart:async/stream_impl.dart:391:13)
      #67     _BufferingStreamSubscription._sendDone (dart:async/stream_impl.dart:401:15)
      #68     _BufferingStreamSubscription._close (dart:async/stream_impl.dart:285:7)
      #69     _ForwardingStream._handleDone (dart:async/stream_pipe.dart:108:10)
      #70     _ForwardingStreamSubscription._handleDone (dart:async/stream_pipe.dart:174:13)
      #71     _rootRun (dart:async/zone.dart:1122:38)
      #72     _CustomZone.run (dart:async/zone.dart:1023:19)
      #73     _CustomZone.runGuarded (dart:async/zone.dart:925:7)
      #74     _BufferingStreamSubscription._sendDone.sendDone (dart:async/stream_impl.dart:391:13)
      #75     _BufferingStreamSubscription._sendDone (dart:async/stream_impl.dart:401:15)
      #76     _BufferingStreamSubscription._close (dart:async/stream_impl.dart:285:7)
      #77     _SinkTransformerStreamSubscription._close (dart:async/stream_transformers.dart:98:11)
      #78     _EventSinkWrapper.close (dart:async/stream_transformers.dart:25:11)
      #79     _Uint8ListConversionSink.close (dart:_http/http_impl.dart:581:13)
      #80     _ConverterStreamEventSink.close (dart:convert/chunked_conversion.dart:82:18)
      #81     _SinkTransformerStreamSubscription._handleDone (dart:async/stream_transformers.dart:143:24)
      #82     _rootRun (dart:async/zone.dart:1122:38)
      #83     _CustomZone.run (dart:async/zone.dart:1023:19)
      #84     _CustomZone.runGuarded (dart:async/zone.dart:925:7)
      #85     _BufferingStreamSubscription._sendDone.sendDone (dart:async/stream_impl.dart:391:13)
      #86     _BufferingStreamSubscription._sendDone (dart:async/stream_impl.dart:401:15)
      #87     _BufferingStreamSubscription._close (dart:async/stream_impl.dart:285:7)
      #88     _SinkTransformerStreamSubscription._close (dart:async/stream_transformers.dart:98:11)
      #89     _EventSinkWrapper.close (dart:async/stream_transformers.dart:25:11)
      #90     _ByteAdapterSink.close (dart:convert/byte_conversion.dart:64:11)
      #91     _FilterSink.close (dart:io/data_transformer.dart:639:11)
      #92     _ConverterStreamEventSink.close (dart:convert/chunked_conversion.dart:82:18)
      #93     _SinkTransformerStreamSubscription._handleDone (dart:async/stream_transformers.dart:143:24)
      #94     _rootRun (dart:async/zone.dart:1122:38)
      #95     _CustomZone.run (dart:async/zone.dart:1023:19)
      #96     _CustomZone.runGuarded (dart:async/zone.dart:925:7)
      #97     _BufferingStreamSubscription._sendDone.sendDone (dart:async/stream_impl.dart:391:13)
      #98     _BufferingStreamSubscription._sendDone (dart:async/stream_impl.dart:401:15)
      #99     _BufferingStreamSubscription._close (dart:async/stream_impl.dart:285:7)
      #100    _ForwardingStream._handleDone (dart:async/stream_pipe.dart:108:10)
      #101    _ForwardingStreamSubscription._handleDone (dart:async/stream_pipe.dart:174:13)
      #102    _rootRun (dart:async/zone.dart:1122:38)
      #103    _CustomZone.run (dart:async/zone.dart:1023:19)
      #104    _CustomZone.runGuarded (dart:async/zone.dart:925:7)
      #105    _BufferingStreamSubscription._sendDone.sendDone (dart:async/stream_impl.dart:391:13)
      #106    _BufferingStreamSubscription._sendDone (dart:async/stream_impl.dart:401:15)
      #107    _BufferingStreamSubscription._close (dart:async/stream_impl.dart:285:7)
      #108    _SyncStreamControllerDispatch._sendDone (dart:async/stream_controller.dart:774:19)
      #109    _StreamController._closeUnchecked (dart:async/stream_controller.dart:631:7)
      #110    _StreamController.close (dart:async/stream_controller.dart:624:5)
      #111    _HttpParser._closeIncoming (dart:_http/http_parser.dart:1039:23)
      #112    _HttpParser._doParse (dart:_http/http_parser.dart:754:11)
      #113    _HttpParser._parse (dart:_http/http_parser.dart:320:7)
      #114    _HttpParser._onData (dart:_http/http_parser.dart:812:5)
      #115    _rootRunUnary (dart:async/zone.dart:1134:38)
      #116    _CustomZone.runUnary (dart:async/zone.dart:1031:19)
      #117    _CustomZone.runUnaryGuarded (dart:async/zone.dart:933:7)
      #118    _BufferingStreamSubscription._sendData (dart:async/stream_impl.dart:338:11)
      #119    _BufferingStreamSubscription._add (dart:async/stream_impl.dart:265:7)
      #120    _SyncStreamControllerDispatch._sendData (dart:async/stream_controller.dart:766:19)
      #121    _StreamController._add (dart:async/stream_controller.dart:642:7)
      #122    _StreamController.add (dart:async/stream_controller.dart:588:5)
      #123    _Socket._onData (dart:io-patch/socket_patch.dart:1831:41)
      #124    _rootRunUnary (dart:async/zone.dart:1134:38)
      #125    _CustomZone.runUnary (dart:async/zone.dart:1031:19)
      #126    _CustomZone.runUnaryGuarded (dart:async/zone.dart:933:7)
      #127    _BufferingStreamSubscription._sendData (dart:async/stream_impl.dart:338:11)
      #128    _BufferingStreamSubscription._add (dart:async/stream_impl.dart:265:7)
      #129    _SyncStreamControllerDispatch._sendData (dart:async/stream_controller.dart:766:19)
      #130    _StreamController._add (dart:async/stream_controller.dart:642:7)
      #131    _StreamController.add (dart:async/stream_controller.dart:588:5)
      #132    _RawSecureSocket._sendReadEvent (dart:io/secure_socket.dart:1018:19)
      #133    _rootRun (dart:async/zone.dart:1122:38)
      #134    _CustomZone.run (dart:async/zone.dart:1023:19)
      #135    _CustomZone.runGuarded (dart:async/zone.dart:925:7)
      #136    _CustomZone.bindCallbackGuarded.<anonymous closure> (dart:async/zone.dart:965:23)
      #137    _rootRun (dart:async/zone.dart:1126:13)
      #138    _CustomZone.run (dart:async/zone.dart:1023:19)
      #139    _CustomZone.bindCallback.<anonymous closure> (dart:async/zone.dart:949:23)
      #140    Timer._createTimer.<anonymous closure> (dart:async-patch/timer_patch.dart:23:15)
      #141    _Timer._runTimers (dart:isolate-patch/timer_impl.dart:384:19)
      #142    _Timer._handleMessage (dart:isolate-patch/timer_impl.dart:418:5)
      #143    _RawReceivePortImpl._handleMessage (dart:isolate-patch/isolate_patch.dart:174:12)


! Doctor found issues in 3 categories.
```
